2023-04-10 13:39:30,133 API202102002.35.exe moved to /web/smartappsbackups/
2023-04-10 13:40:00,780 API202102002.37.exe moved to /web/smartappsbackups/
2023-04-10 13:41:58,747 API202102002.38.exe moved to /web/smartappsbackups/
2023-04-10 13:42:03,001 API202102002.39.exe moved to /web/smartappsbackups/
2023-04-10 13:42:04,776 API202102002.40.exe moved to /web/smartappsbackups/
2023-04-10 13:42:04,776 API202102002.41.exe moved to /web/smartappsbackups/
2023-04-10 13:42:05,621 API202202002.35.exe moved to /web/smartappsbackups/
2023-04-10 13:42:05,622 API202202002.37.exe moved to /web/smartappsbackups/
2023-04-10 13:42:05,623 API202202002.38.exe moved to /web/smartappsbackups/
2023-04-10 13:42:05,624 API202202002.39.exe moved to /web/smartappsbackups/
2023-04-10 13:42:06,518 API202203001.33.exe moved to /web/smartappsbackups/
2023-04-10 13:42:06,519 API202203001.35.exe moved to /web/smartappsbackups/
2023-04-10 13:42:06,519 API202203001.37.exe moved to /web/smartappsbackups/
2023-04-10 13:42:06,519 API202203001.38.exe moved to /web/smartappsbackups/
2023-04-10 13:42:06,519 API202203001.39.exe moved to /web/smartappsbackups/
2023-04-10 13:42:07,406 API202204005.33.exe moved to /web/smartappsbackups/
2023-04-10 13:42:07,406 API202204005.35.exe moved to /web/smartappsbackups/
2023-04-10 13:42:07,406 API202204005.37.exe moved to /web/smartappsbackups/
2023-04-10 13:42:07,406 API202204005.38.exe moved to /web/smartappsbackups/
2023-04-10 13:42:07,406 API202204005.39.exe moved to /web/smartappsbackups/
2023-04-10 13:42:08,433 API202301003.33.exe moved to /web/smartappsbackups/
2023-04-10 13:42:08,433 API202301003.35.exe moved to /web/smartappsbackups/
2023-04-10 13:42:08,433 API202301003.37.exe moved to /web/smartappsbackups/
2023-04-10 13:42:08,433 API202301003.38.exe moved to /web/smartappsbackups/
2023-04-10 13:42:08,433 API202301003.39.exe moved to /web/smartappsbackups/
2023-04-10 13:42:09,302 BUY202102002.2.exe moved to /web/smartappsbackups/
2023-04-10 13:42:09,302 BUY202102002.3.exe moved to /web/smartappsbackups/
2023-04-10 13:42:09,302 BUY202102002.4.exe moved to /web/smartappsbackups/
2023-04-10 13:42:10,065 BUY202202002.1.exe moved to /web/smartappsbackups/
2023-04-10 13:42:10,065 BUY202202002.3.exe moved to /web/smartappsbackups/
2023-04-10 13:42:10,065 BUY202202002.4.exe moved to /web/smartappsbackups/
2023-04-10 13:42:10,066 BUY202202002.5.exe moved to /web/smartappsbackups/
2023-04-10 13:42:10,844 BUY202203001.1.exe moved to /web/smartappsbackups/
2023-04-10 13:42:10,844 BUY202203001.3.exe moved to /web/smartappsbackups/
2023-04-10 13:42:10,845 BUY202203001.4.exe moved to /web/smartappsbackups/
2023-04-10 13:42:10,845 BUY202203001.5.exe moved to /web/smartappsbackups/
2023-04-10 13:42:12,313 BUY202301003.1.exe moved to /web/smartappsbackups/
2023-04-10 13:42:12,313 BUY202301003.3.exe moved to /web/smartappsbackups/
2023-04-10 13:42:12,313 BUY202301003.4.exe moved to /web/smartappsbackups/
2023-04-10 13:42:12,313 BUY202301003.5.exe moved to /web/smartappsbackups/
2023-04-10 13:42:13,246 CASH202102002.18.exe moved to /web/smartappsbackups/
2023-04-10 13:42:13,246 CASH202102002.19.exe moved to /web/smartappsbackups/
2023-04-10 13:42:13,246 CASH202102002.21.exe moved to /web/smartappsbackups/
2023-04-10 13:42:13,246 CASH202102002.25.exe moved to /web/smartappsbackups/
2023-04-10 13:42:13,966 CASH202202002.18.exe moved to /web/smartappsbackups/
2023-04-10 13:42:13,966 CASH202202002.19.exe moved to /web/smartappsbackups/
2023-04-10 13:42:13,966 CASH202202002.25.exe moved to /web/smartappsbackups/
2023-04-10 13:42:14,727 CASH202203001.17.exe moved to /web/smartappsbackups/
2023-04-10 13:42:14,727 CASH202203001.18.exe moved to /web/smartappsbackups/
2023-04-10 13:42:14,727 CASH202203001.19.exe moved to /web/smartappsbackups/
2023-04-10 13:42:14,727 CASH202203001.25.exe moved to /web/smartappsbackups/
2023-04-10 13:42:15,516 CASH202204005.17.exe moved to /web/smartappsbackups/
2023-04-10 13:42:15,517 CASH202204005.18.exe moved to /web/smartappsbackups/
2023-04-10 13:42:15,517 CASH202204005.19.exe moved to /web/smartappsbackups/
2023-04-10 13:42:15,517 CASH202204005.25.exe moved to /web/smartappsbackups/
2023-04-10 13:42:16,280 CASH202301003.17.exe moved to /web/smartappsbackups/
2023-04-10 13:42:16,281 CASH202301003.18.exe moved to /web/smartappsbackups/
2023-04-10 13:42:16,281 CASH202301003.19.exe moved to /web/smartappsbackups/
2023-04-10 13:42:16,281 CASH202301003.25.exe moved to /web/smartappsbackups/
2023-04-10 13:42:17,268 CS202102002.20.exe moved to /web/smartappsbackups/
2023-04-10 13:42:17,268 CS202102002.21.exe moved to /web/smartappsbackups/
2023-04-10 13:42:17,269 CS202102002.22.exe moved to /web/smartappsbackups/
2023-04-10 13:42:17,269 CS202102002.23.exe moved to /web/smartappsbackups/
2023-04-10 13:42:18,105 CS202202002.20.exe moved to /web/smartappsbackups/
2023-04-10 13:42:18,106 CS202202002.21.exe moved to /web/smartappsbackups/
2023-04-10 13:42:18,106 CS202202002.22.exe moved to /web/smartappsbackups/
2023-04-10 13:42:18,106 CS202202002.23.exe moved to /web/smartappsbackups/
2023-04-10 13:42:19,017 CS202203001.18.exe moved to /web/smartappsbackups/
2023-04-10 13:42:19,018 CS202203001.20.exe moved to /web/smartappsbackups/
2023-04-10 13:42:19,018 CS202203001.21.exe moved to /web/smartappsbackups/
2023-04-10 13:42:19,018 CS202203001.22.exe moved to /web/smartappsbackups/
2023-04-10 13:42:19,018 CS202203001.23.exe moved to /web/smartappsbackups/
2023-04-10 13:42:19,895 CS202204005.18.exe moved to /web/smartappsbackups/
2023-04-10 13:42:19,895 CS202204005.20.exe moved to /web/smartappsbackups/
2023-04-10 13:42:19,895 CS202204005.21.exe moved to /web/smartappsbackups/
2023-04-10 13:42:19,895 CS202204005.22.exe moved to /web/smartappsbackups/
2023-04-10 13:42:19,895 CS202204005.23.exe moved to /web/smartappsbackups/
2023-04-10 13:42:20,789 CS202301003.18.exe moved to /web/smartappsbackups/
2023-04-10 13:42:20,789 CS202301003.20.exe moved to /web/smartappsbackups/
2023-04-10 13:42:20,789 CS202301003.21.exe moved to /web/smartappsbackups/
2023-04-10 13:42:20,789 CS202301003.22.exe moved to /web/smartappsbackups/
2023-04-10 13:42:20,790 CS202301003.23.exe moved to /web/smartappsbackups/
2023-04-10 13:42:22,939 SHOP202102002.32.exe moved to /web/smartappsbackups/
2023-04-10 13:42:22,940 SHOP202102002.33.exe moved to /web/smartappsbackups/
2023-04-10 13:42:22,940 SHOP202102002.39.exe moved to /web/smartappsbackups/
2023-04-10 13:42:22,941 SHOP202102002.40.exe moved to /web/smartappsbackups/
2023-04-10 13:42:22,941 SHOP202102002.42.exe moved to /web/smartappsbackups/
2023-04-10 13:42:24,990 SHOP202202002.31.exe moved to /web/smartappsbackups/
2023-04-10 13:42:24,990 SHOP202202002.32.exe moved to /web/smartappsbackups/
2023-04-10 13:42:24,990 SHOP202202002.33.exe moved to /web/smartappsbackups/
2023-04-10 13:42:24,990 SHOP202202002.39.exe moved to /web/smartappsbackups/
2023-04-10 13:42:24,990 SHOP202202002.40.exe moved to /web/smartappsbackups/
2023-04-10 13:42:27,674 SHOP202203001.834.exe moved to /web/smartappsbackups/
2023-04-10 13:42:27,674 SHOP202203001.900.exe moved to /web/smartappsbackups/
2023-04-10 13:42:27,674 SHOP202203001.13.exe moved to /web/smartappsbackups/
2023-04-10 13:42:27,674 SHOP202203001.14.exe moved to /web/smartappsbackups/
2023-04-10 13:42:27,674 SHOP202203001.15.exe moved to /web/smartappsbackups/
2023-04-10 13:42:29,728 SHOP202204005.31.exe moved to /web/smartappsbackups/
2023-04-10 13:42:29,729 SHOP202204005.32.exe moved to /web/smartappsbackups/
2023-04-10 13:42:29,729 SHOP202204005.33.exe moved to /web/smartappsbackups/
2023-04-10 13:42:29,729 SHOP202204005.39.exe moved to /web/smartappsbackups/
2023-04-10 13:42:29,729 SHOP202204005.40.exe moved to /web/smartappsbackups/
2023-04-10 13:42:31,774 SHOP202301003.31.exe moved to /web/smartappsbackups/
2023-04-10 13:42:31,774 SHOP202301003.32.exe moved to /web/smartappsbackups/
2023-04-10 13:42:31,774 SHOP202301003.33.exe moved to /web/smartappsbackups/
2023-04-10 13:42:31,775 SHOP202301003.39.exe moved to /web/smartappsbackups/
2023-04-10 13:42:31,775 SHOP202301003.40.exe moved to /web/smartappsbackups/
2023-04-10 13:42:38,707 TOOLS202102002.5.exe moved to /web/smartappsbackups/
2023-04-10 13:42:38,707 TOOLS202102002.6.exe moved to /web/smartappsbackups/
2023-04-10 13:42:38,707 TOOLS202102002.8.exe moved to /web/smartappsbackups/
2023-04-10 13:42:39,408 TOOLS202202002.5.exe moved to /web/smartappsbackups/
2023-04-10 13:42:39,409 TOOLS202202002.6.exe moved to /web/smartappsbackups/
2023-04-10 13:42:39,409 TOOLS202202002.8.exe moved to /web/smartappsbackups/
2023-04-10 13:42:40,109 TOOLS202203001.5.exe moved to /web/smartappsbackups/
2023-04-10 13:42:40,109 TOOLS202203001.6.exe moved to /web/smartappsbackups/
2023-04-10 13:42:40,110 TOOLS202203001.8.exe moved to /web/smartappsbackups/
2023-04-10 13:42:40,876 TOOLS202204005.4.exe moved to /web/smartappsbackups/
2023-04-10 13:42:40,876 TOOLS202204005.5.exe moved to /web/smartappsbackups/
2023-04-10 13:42:40,877 TOOLS202204005.6.exe moved to /web/smartappsbackups/
2023-04-10 13:42:40,877 TOOLS202204005.8.exe moved to /web/smartappsbackups/
2023-04-10 13:42:41,655 TOOLS202301003.4.exe moved to /web/smartappsbackups/
2023-04-10 13:42:41,655 TOOLS202301003.5.exe moved to /web/smartappsbackups/
2023-04-10 13:42:41,655 TOOLS202301003.6.exe moved to /web/smartappsbackups/
2023-04-10 13:42:41,655 TOOLS202301003.8.exe moved to /web/smartappsbackups/
2023-04-10 13:45:00,162 API202102002.35.exe moved to /web/smartappsbackups/
2023-04-10 13:45:00,163 API202102002.37.exe moved to /web/smartappsbackups/
2023-04-10 13:45:00,163 API202102002.38.exe moved to /web/smartappsbackups/
2023-04-10 13:45:00,163 API202102002.39.exe moved to /web/smartappsbackups/
2023-04-10 13:45:00,163 API202102002.40.exe moved to /web/smartappsbackups/
2023-04-10 13:45:00,993 API202202002.35.exe moved to /web/smartappsbackups/
2023-04-10 13:45:00,994 API202202002.37.exe moved to /web/smartappsbackups/
2023-04-10 13:45:00,994 API202202002.38.exe moved to /web/smartappsbackups/
2023-04-10 13:45:00,994 API202202002.39.exe moved to /web/smartappsbackups/
2023-04-10 13:45:01,893 API202203001.33.exe moved to /web/smartappsbackups/
2023-04-10 13:45:01,893 API202203001.35.exe moved to /web/smartappsbackups/
2023-04-10 13:45:01,893 API202203001.37.exe moved to /web/smartappsbackups/
2023-04-10 13:45:01,894 API202203001.38.exe moved to /web/smartappsbackups/
2023-04-10 13:45:01,894 API202203001.39.exe moved to /web/smartappsbackups/
2023-04-10 13:45:02,796 API202204005.33.exe moved to /web/smartappsbackups/
2023-04-10 13:45:02,796 API202204005.35.exe moved to /web/smartappsbackups/
2023-04-10 13:45:02,796 API202204005.37.exe moved to /web/smartappsbackups/
2023-04-10 13:45:02,797 API202204005.38.exe moved to /web/smartappsbackups/
2023-04-10 13:45:02,797 API202204005.39.exe moved to /web/smartappsbackups/
2023-04-10 13:45:03,838 API202301003.33.exe moved to /web/smartappsbackups/
2023-04-10 13:45:03,838 API202301003.35.exe moved to /web/smartappsbackups/
2023-04-10 13:45:03,838 API202301003.37.exe moved to /web/smartappsbackups/
2023-04-10 13:45:03,838 API202301003.38.exe moved to /web/smartappsbackups/
2023-04-10 13:45:03,838 API202301003.39.exe moved to /web/smartappsbackups/
2023-04-10 13:45:04,708 BUY202102002.2.exe moved to /web/smartappsbackups/
2023-04-10 13:45:04,709 BUY202102002.3.exe moved to /web/smartappsbackups/
2023-04-10 13:45:04,710 BUY202102002.4.exe moved to /web/smartappsbackups/
2023-04-10 13:45:05,475 BUY202202002.1.exe moved to /web/smartappsbackups/
2023-04-10 13:45:05,476 BUY202202002.3.exe moved to /web/smartappsbackups/
2023-04-10 13:45:05,476 BUY202202002.4.exe moved to /web/smartappsbackups/
2023-04-10 13:45:05,476 BUY202202002.5.exe moved to /web/smartappsbackups/
2023-04-10 13:45:06,239 BUY202203001.1.exe moved to /web/smartappsbackups/
2023-04-10 13:45:06,239 BUY202203001.3.exe moved to /web/smartappsbackups/
2023-04-10 13:45:06,239 BUY202203001.4.exe moved to /web/smartappsbackups/
2023-04-10 13:45:06,240 BUY202203001.5.exe moved to /web/smartappsbackups/
2023-04-10 13:45:07,656 BUY202301003.1.exe moved to /web/smartappsbackups/
2023-04-10 13:45:07,656 BUY202301003.3.exe moved to /web/smartappsbackups/
2023-04-10 13:45:07,656 BUY202301003.4.exe moved to /web/smartappsbackups/
2023-04-10 13:45:07,656 BUY202301003.5.exe moved to /web/smartappsbackups/
2023-04-10 13:45:08,597 CASH202102002.18.exe moved to /web/smartappsbackups/
2023-04-10 13:45:08,597 CASH202102002.19.exe moved to /web/smartappsbackups/
2023-04-10 13:45:08,597 CASH202102002.21.exe moved to /web/smartappsbackups/
2023-04-10 13:45:08,597 CASH202102002.25.exe moved to /web/smartappsbackups/
2023-04-10 13:45:09,305 CASH202202002.18.exe moved to /web/smartappsbackups/
2023-04-10 13:45:09,305 CASH202202002.19.exe moved to /web/smartappsbackups/
2023-04-10 13:45:09,305 CASH202202002.25.exe moved to /web/smartappsbackups/
2023-04-10 13:45:10,078 CASH202203001.17.exe moved to /web/smartappsbackups/
2023-04-10 13:45:10,078 CASH202203001.18.exe moved to /web/smartappsbackups/
2023-04-10 13:45:10,078 CASH202203001.19.exe moved to /web/smartappsbackups/
2023-04-10 13:45:10,078 CASH202203001.25.exe moved to /web/smartappsbackups/
2023-04-10 13:45:10,850 CASH202204005.17.exe moved to /web/smartappsbackups/
2023-04-10 13:45:10,850 CASH202204005.18.exe moved to /web/smartappsbackups/
2023-04-10 13:45:10,850 CASH202204005.19.exe moved to /web/smartappsbackups/
2023-04-10 13:45:10,850 CASH202204005.25.exe moved to /web/smartappsbackups/
2023-04-10 13:45:11,625 CASH202301003.17.exe moved to /web/smartappsbackups/
2023-04-10 13:45:11,625 CASH202301003.18.exe moved to /web/smartappsbackups/
2023-04-10 13:45:11,626 CASH202301003.19.exe moved to /web/smartappsbackups/
2023-04-10 13:45:11,626 CASH202301003.25.exe moved to /web/smartappsbackups/
2023-04-10 13:45:12,611 CS202102002.20.exe moved to /web/smartappsbackups/
2023-04-10 13:45:12,611 CS202102002.21.exe moved to /web/smartappsbackups/
2023-04-10 13:45:12,611 CS202102002.22.exe moved to /web/smartappsbackups/
2023-04-10 13:45:12,611 CS202102002.23.exe moved to /web/smartappsbackups/
2023-04-10 13:45:13,430 CS202202002.20.exe moved to /web/smartappsbackups/
2023-04-10 13:45:13,430 CS202202002.21.exe moved to /web/smartappsbackups/
2023-04-10 13:45:13,430 CS202202002.22.exe moved to /web/smartappsbackups/
2023-04-10 13:45:13,430 CS202202002.23.exe moved to /web/smartappsbackups/
2023-04-10 13:45:14,344 CS202203001.18.exe moved to /web/smartappsbackups/
2023-04-10 13:45:14,345 CS202203001.20.exe moved to /web/smartappsbackups/
2023-04-10 13:45:14,345 CS202203001.21.exe moved to /web/smartappsbackups/
2023-04-10 13:45:14,345 CS202203001.22.exe moved to /web/smartappsbackups/
2023-04-10 13:45:14,345 CS202203001.23.exe moved to /web/smartappsbackups/
2023-04-10 13:45:15,237 CS202204005.18.exe moved to /web/smartappsbackups/
2023-04-10 13:45:15,237 CS202204005.20.exe moved to /web/smartappsbackups/
2023-04-10 13:45:15,237 CS202204005.21.exe moved to /web/smartappsbackups/
2023-04-10 13:45:15,237 CS202204005.22.exe moved to /web/smartappsbackups/
2023-04-10 13:45:15,237 CS202204005.23.exe moved to /web/smartappsbackups/
2023-04-10 13:45:16,136 CS202301003.18.exe moved to /web/smartappsbackups/
2023-04-10 13:45:16,136 CS202301003.20.exe moved to /web/smartappsbackups/
2023-04-10 13:45:16,136 CS202301003.21.exe moved to /web/smartappsbackups/
2023-04-10 13:45:16,136 CS202301003.22.exe moved to /web/smartappsbackups/
2023-04-10 13:45:16,137 CS202301003.23.exe moved to /web/smartappsbackups/
2023-04-10 13:45:18,304 SHOP202102002.32.exe moved to /web/smartappsbackups/
2023-04-10 13:45:18,304 SHOP202102002.33.exe moved to /web/smartappsbackups/
2023-04-10 13:45:18,305 SHOP202102002.39.exe moved to /web/smartappsbackups/
2023-04-10 13:45:18,305 SHOP202102002.40.exe moved to /web/smartappsbackups/
2023-04-10 13:45:18,305 SHOP202102002.42.exe moved to /web/smartappsbackups/
2023-04-10 13:45:20,403 SHOP202202002.31.exe moved to /web/smartappsbackups/
2023-04-10 13:45:20,403 SHOP202202002.32.exe moved to /web/smartappsbackups/
2023-04-10 13:45:20,403 SHOP202202002.33.exe moved to /web/smartappsbackups/
2023-04-10 13:45:20,404 SHOP202202002.39.exe moved to /web/smartappsbackups/
2023-04-10 13:45:20,404 SHOP202202002.40.exe moved to /web/smartappsbackups/
2023-04-10 13:45:23,089 SHOP202203001.834.exe moved to /web/smartappsbackups/
2023-04-10 13:45:23,089 SHOP202203001.900.exe moved to /web/smartappsbackups/
2023-04-10 13:45:23,089 SHOP202203001.13.exe moved to /web/smartappsbackups/
2023-04-10 13:45:23,089 SHOP202203001.14.exe moved to /web/smartappsbackups/
2023-04-10 13:45:23,090 SHOP202203001.15.exe moved to /web/smartappsbackups/
2023-04-10 13:45:25,168 SHOP202204005.31.exe moved to /web/smartappsbackups/
2023-04-10 13:45:25,168 SHOP202204005.32.exe moved to /web/smartappsbackups/
2023-04-10 13:45:25,168 SHOP202204005.33.exe moved to /web/smartappsbackups/
2023-04-10 13:45:25,168 SHOP202204005.39.exe moved to /web/smartappsbackups/
2023-04-10 13:45:25,168 SHOP202204005.40.exe moved to /web/smartappsbackups/
2023-04-10 13:45:27,184 SHOP202301003.31.exe moved to /web/smartappsbackups/
2023-04-10 13:45:27,184 SHOP202301003.32.exe moved to /web/smartappsbackups/
2023-04-10 13:45:27,184 SHOP202301003.33.exe moved to /web/smartappsbackups/
2023-04-10 13:45:27,184 SHOP202301003.39.exe moved to /web/smartappsbackups/
2023-04-10 13:45:27,184 SHOP202301003.40.exe moved to /web/smartappsbackups/
2023-04-10 13:45:34,144 TOOLS202102002.5.exe moved to /web/smartappsbackups/
2023-04-10 13:45:34,144 TOOLS202102002.6.exe moved to /web/smartappsbackups/
2023-04-10 13:45:34,144 TOOLS202102002.8.exe moved to /web/smartappsbackups/
2023-04-10 13:45:34,845 TOOLS202202002.5.exe moved to /web/smartappsbackups/
2023-04-10 13:45:34,845 TOOLS202202002.6.exe moved to /web/smartappsbackups/
2023-04-10 13:45:34,846 TOOLS202202002.8.exe moved to /web/smartappsbackups/
2023-04-10 13:45:35,544 TOOLS202203001.5.exe moved to /web/smartappsbackups/
2023-04-10 13:45:35,544 TOOLS202203001.6.exe moved to /web/smartappsbackups/
2023-04-10 13:45:35,544 TOOLS202203001.8.exe moved to /web/smartappsbackups/
2023-04-10 13:45:36,319 TOOLS202204005.4.exe moved to /web/smartappsbackups/
2023-04-10 13:45:36,319 TOOLS202204005.5.exe moved to /web/smartappsbackups/
2023-04-10 13:45:36,319 TOOLS202204005.6.exe moved to /web/smartappsbackups/
2023-04-10 13:45:36,320 TOOLS202204005.8.exe moved to /web/smartappsbackups/
2023-04-10 13:45:37,077 TOOLS202301003.4.exe moved to /web/smartappsbackups/
2023-04-10 13:45:37,077 TOOLS202301003.5.exe moved to /web/smartappsbackups/
2023-04-10 13:45:37,077 TOOLS202301003.6.exe moved to /web/smartappsbackups/
2023-04-10 13:45:37,078 TOOLS202301003.8.exe moved to /web/smartappsbackups/
2023-04-10 13:49:27,423 API202102002.35.exe moved to /web/smartappsbackups/
2023-04-10 13:49:27,424 API202102002.37.exe moved to /web/smartappsbackups/
2023-04-10 13:49:27,424 API202102002.38.exe moved to /web/smartappsbackups/
2023-04-10 13:49:27,424 API202102002.39.exe moved to /web/smartappsbackups/
2023-04-10 13:49:27,424 API202102002.40.exe moved to /web/smartappsbackups/
2023-04-10 13:49:28,241 API202202002.35.exe moved to /web/smartappsbackups/
2023-04-10 13:49:28,241 API202202002.37.exe moved to /web/smartappsbackups/
2023-04-10 13:49:28,242 API202202002.38.exe moved to /web/smartappsbackups/
2023-04-10 13:49:28,242 API202202002.39.exe moved to /web/smartappsbackups/
2023-04-10 13:49:29,152 API202203001.33.exe moved to /web/smartappsbackups/
2023-04-10 13:49:29,152 API202203001.35.exe moved to /web/smartappsbackups/
2023-04-10 13:49:29,153 API202203001.37.exe moved to /web/smartappsbackups/
2023-04-10 13:49:29,153 API202203001.38.exe moved to /web/smartappsbackups/
2023-04-10 13:49:29,153 API202203001.39.exe moved to /web/smartappsbackups/
2023-04-10 13:49:30,032 API202204005.33.exe moved to /web/smartappsbackups/
2023-04-10 13:49:30,032 API202204005.35.exe moved to /web/smartappsbackups/
2023-04-10 13:49:30,033 API202204005.37.exe moved to /web/smartappsbackups/
2023-04-10 13:49:30,033 API202204005.38.exe moved to /web/smartappsbackups/
2023-04-10 13:49:30,033 API202204005.39.exe moved to /web/smartappsbackups/
2023-04-10 13:49:31,039 API202301003.33.exe moved to /web/smartappsbackups/
2023-04-10 13:49:31,040 API202301003.35.exe moved to /web/smartappsbackups/
2023-04-10 13:49:31,040 API202301003.37.exe moved to /web/smartappsbackups/
2023-04-10 13:49:31,040 API202301003.38.exe moved to /web/smartappsbackups/
2023-04-10 13:49:31,040 API202301003.39.exe moved to /web/smartappsbackups/
2023-04-10 13:49:31,893 BUY202102002.2.exe moved to /web/smartappsbackups/
2023-04-10 13:49:31,894 BUY202102002.3.exe moved to /web/smartappsbackups/
2023-04-10 13:49:31,894 BUY202102002.4.exe moved to /web/smartappsbackups/
2023-04-10 13:49:32,640 BUY202202002.1.exe moved to /web/smartappsbackups/
2023-04-10 13:49:32,640 BUY202202002.3.exe moved to /web/smartappsbackups/
2023-04-10 13:49:32,640 BUY202202002.4.exe moved to /web/smartappsbackups/
2023-04-10 13:49:32,640 BUY202202002.5.exe moved to /web/smartappsbackups/
2023-04-10 13:49:33,402 BUY202203001.1.exe moved to /web/smartappsbackups/
2023-04-10 13:49:33,402 BUY202203001.3.exe moved to /web/smartappsbackups/
2023-04-10 13:49:33,403 BUY202203001.4.exe moved to /web/smartappsbackups/
2023-04-10 13:49:33,403 BUY202203001.5.exe moved to /web/smartappsbackups/
2023-04-10 13:49:34,783 BUY202301003.1.exe moved to /web/smartappsbackups/
2023-04-10 13:49:34,783 BUY202301003.3.exe moved to /web/smartappsbackups/
2023-04-10 13:49:34,783 BUY202301003.4.exe moved to /web/smartappsbackups/
2023-04-10 13:49:34,783 BUY202301003.5.exe moved to /web/smartappsbackups/
2023-04-10 13:49:35,716 CASH202102002.18.exe moved to /web/smartappsbackups/
2023-04-10 13:49:35,716 CASH202102002.19.exe moved to /web/smartappsbackups/
2023-04-10 13:49:35,716 CASH202102002.21.exe moved to /web/smartappsbackups/
2023-04-10 13:49:35,716 CASH202102002.25.exe moved to /web/smartappsbackups/
2023-04-10 13:49:36,422 CASH202202002.18.exe moved to /web/smartappsbackups/
2023-04-10 13:49:36,422 CASH202202002.19.exe moved to /web/smartappsbackups/
2023-04-10 13:49:36,422 CASH202202002.25.exe moved to /web/smartappsbackups/
2023-04-10 13:49:37,181 CASH202203001.17.exe moved to /web/smartappsbackups/
2023-04-10 13:49:37,181 CASH202203001.18.exe moved to /web/smartappsbackups/
2023-04-10 13:49:37,181 CASH202203001.19.exe moved to /web/smartappsbackups/
2023-04-10 13:49:37,181 CASH202203001.25.exe moved to /web/smartappsbackups/
2023-04-10 13:49:37,931 CASH202204005.17.exe moved to /web/smartappsbackups/
2023-04-10 13:49:37,931 CASH202204005.18.exe moved to /web/smartappsbackups/
2023-04-10 13:49:37,931 CASH202204005.19.exe moved to /web/smartappsbackups/
2023-04-10 13:49:37,931 CASH202204005.25.exe moved to /web/smartappsbackups/
2023-04-10 13:49:38,680 CASH202301003.17.exe moved to /web/smartappsbackups/
2023-04-10 13:49:38,680 CASH202301003.18.exe moved to /web/smartappsbackups/
2023-04-10 13:49:38,680 CASH202301003.19.exe moved to /web/smartappsbackups/
2023-04-10 13:49:38,680 CASH202301003.25.exe moved to /web/smartappsbackups/
2023-04-10 13:49:39,656 CS202102002.20.exe moved to /web/smartappsbackups/
2023-04-10 13:49:39,656 CS202102002.21.exe moved to /web/smartappsbackups/
2023-04-10 13:49:39,656 CS202102002.22.exe moved to /web/smartappsbackups/
2023-04-10 13:49:39,657 CS202102002.23.exe moved to /web/smartappsbackups/
2023-04-10 13:49:40,490 CS202202002.20.exe moved to /web/smartappsbackups/
2023-04-10 13:49:40,490 CS202202002.21.exe moved to /web/smartappsbackups/
2023-04-10 13:49:40,491 CS202202002.22.exe moved to /web/smartappsbackups/
2023-04-10 13:49:40,491 CS202202002.23.exe moved to /web/smartappsbackups/
2023-04-10 13:49:41,363 CS202203001.18.exe moved to /web/smartappsbackups/
2023-04-10 13:49:41,363 CS202203001.20.exe moved to /web/smartappsbackups/
2023-04-10 13:49:41,363 CS202203001.21.exe moved to /web/smartappsbackups/
2023-04-10 13:49:41,364 CS202203001.22.exe moved to /web/smartappsbackups/
2023-04-10 13:49:41,364 CS202203001.23.exe moved to /web/smartappsbackups/
2023-04-10 13:49:42,241 CS202204005.18.exe moved to /web/smartappsbackups/
2023-04-10 13:49:42,242 CS202204005.20.exe moved to /web/smartappsbackups/
2023-04-10 13:49:42,242 CS202204005.21.exe moved to /web/smartappsbackups/
2023-04-10 13:49:42,242 CS202204005.22.exe moved to /web/smartappsbackups/
2023-04-10 13:49:42,242 CS202204005.23.exe moved to /web/smartappsbackups/
2023-04-10 13:49:43,126 CS202301003.18.exe moved to /web/smartappsbackups/
2023-04-10 13:49:43,126 CS202301003.20.exe moved to /web/smartappsbackups/
2023-04-10 13:49:43,126 CS202301003.21.exe moved to /web/smartappsbackups/
2023-04-10 13:49:43,126 CS202301003.22.exe moved to /web/smartappsbackups/
2023-04-10 13:49:43,126 CS202301003.23.exe moved to /web/smartappsbackups/
2023-04-10 13:49:45,203 SHOP202102002.32.exe moved to /web/smartappsbackups/
2023-04-10 13:49:45,203 SHOP202102002.33.exe moved to /web/smartappsbackups/
2023-04-10 13:49:45,203 SHOP202102002.39.exe moved to /web/smartappsbackups/
2023-04-10 13:49:45,204 SHOP202102002.40.exe moved to /web/smartappsbackups/
2023-04-10 13:49:45,204 SHOP202102002.42.exe moved to /web/smartappsbackups/
2023-04-10 13:49:47,227 SHOP202202002.31.exe moved to /web/smartappsbackups/
2023-04-10 13:49:47,227 SHOP202202002.32.exe moved to /web/smartappsbackups/
2023-04-10 13:49:47,227 SHOP202202002.33.exe moved to /web/smartappsbackups/
2023-04-10 13:49:47,228 SHOP202202002.39.exe moved to /web/smartappsbackups/
2023-04-10 13:49:47,228 SHOP202202002.40.exe moved to /web/smartappsbackups/
2023-04-10 13:49:49,864 SHOP202203001.834.exe moved to /web/smartappsbackups/
2023-04-10 13:49:49,864 SHOP202203001.900.exe moved to /web/smartappsbackups/
2023-04-10 13:49:49,864 SHOP202203001.13.exe moved to /web/smartappsbackups/
2023-04-10 13:49:49,864 SHOP202203001.14.exe moved to /web/smartappsbackups/
2023-04-10 13:49:49,864 SHOP202203001.15.exe moved to /web/smartappsbackups/
2023-04-10 13:49:51,871 SHOP202204005.31.exe moved to /web/smartappsbackups/
2023-04-10 13:49:51,871 SHOP202204005.32.exe moved to /web/smartappsbackups/
2023-04-10 13:49:51,871 SHOP202204005.33.exe moved to /web/smartappsbackups/
2023-04-10 13:49:51,871 SHOP202204005.39.exe moved to /web/smartappsbackups/
2023-04-10 13:49:51,871 SHOP202204005.40.exe moved to /web/smartappsbackups/
2023-04-10 13:49:53,893 SHOP202301003.31.exe moved to /web/smartappsbackups/
2023-04-10 13:49:53,893 SHOP202301003.32.exe moved to /web/smartappsbackups/
2023-04-10 13:49:53,893 SHOP202301003.33.exe moved to /web/smartappsbackups/
2023-04-10 13:49:53,893 SHOP202301003.39.exe moved to /web/smartappsbackups/
2023-04-10 13:49:53,893 SHOP202301003.40.exe moved to /web/smartappsbackups/
2023-04-10 13:50:00,777 TOOLS202102002.5.exe moved to /web/smartappsbackups/
2023-04-10 13:50:00,777 TOOLS202102002.6.exe moved to /web/smartappsbackups/
2023-04-10 13:50:00,777 TOOLS202102002.8.exe moved to /web/smartappsbackups/
2023-04-10 13:50:01,469 TOOLS202202002.5.exe moved to /web/smartappsbackups/
2023-04-10 13:50:01,470 TOOLS202202002.6.exe moved to /web/smartappsbackups/
2023-04-10 13:50:01,470 TOOLS202202002.8.exe moved to /web/smartappsbackups/
2023-04-10 13:50:02,174 TOOLS202203001.5.exe moved to /web/smartappsbackups/
2023-04-10 13:50:02,174 TOOLS202203001.6.exe moved to /web/smartappsbackups/
2023-04-10 13:50:02,174 TOOLS202203001.8.exe moved to /web/smartappsbackups/
2023-04-10 13:50:02,941 TOOLS202204005.4.exe moved to /web/smartappsbackups/
2023-04-10 13:50:02,942 TOOLS202204005.5.exe moved to /web/smartappsbackups/
2023-04-10 13:50:02,942 TOOLS202204005.6.exe moved to /web/smartappsbackups/
2023-04-10 13:50:02,942 TOOLS202204005.8.exe moved to /web/smartappsbackups/
2023-04-10 13:50:03,705 TOOLS202301003.4.exe moved to /web/smartappsbackups/
2023-04-10 13:50:03,706 TOOLS202301003.5.exe moved to /web/smartappsbackups/
2023-04-10 13:50:03,706 TOOLS202301003.6.exe moved to /web/smartappsbackups/
2023-04-10 13:50:03,706 TOOLS202301003.8.exe moved to /web/smartappsbackups/
2023-04-10 13:51:12,452 API202102002.35.exe moved to /web/smartappsbackups/
2023-04-10 13:51:12,516 API202102002.37.exe moved to /web/smartappsbackups/
2023-04-10 13:51:12,580 API202102002.38.exe moved to /web/smartappsbackups/
2023-04-10 13:51:12,644 API202102002.39.exe moved to /web/smartappsbackups/
2023-04-10 13:51:12,707 API202102002.40.exe moved to /web/smartappsbackups/
2023-04-10 13:51:13,616 API202202002.35.exe moved to /web/smartappsbackups/
2023-04-10 13:51:13,680 API202202002.37.exe moved to /web/smartappsbackups/
2023-04-10 13:51:13,752 API202202002.38.exe moved to /web/smartappsbackups/
2023-04-10 13:51:13,816 API202202002.39.exe moved to /web/smartappsbackups/
2023-04-10 13:51:14,798 API202203001.33.exe moved to /web/smartappsbackups/
2023-04-10 13:51:14,873 API202203001.35.exe moved to /web/smartappsbackups/
2023-04-10 13:51:14,939 API202203001.37.exe moved to /web/smartappsbackups/
2023-04-10 13:51:15,001 API202203001.38.exe moved to /web/smartappsbackups/
2023-04-10 13:51:15,066 API202203001.39.exe moved to /web/smartappsbackups/
2023-04-10 13:51:16,063 API202204005.33.exe moved to /web/smartappsbackups/
2023-04-10 13:51:16,127 API202204005.35.exe moved to /web/smartappsbackups/
2023-04-10 13:51:16,190 API202204005.37.exe moved to /web/smartappsbackups/
2023-04-10 13:51:16,253 API202204005.38.exe moved to /web/smartappsbackups/
2023-04-10 13:51:16,317 API202204005.39.exe moved to /web/smartappsbackups/
2023-04-10 13:51:17,420 API202301003.33.exe moved to /web/smartappsbackups/
2023-04-10 13:51:17,486 API202301003.35.exe moved to /web/smartappsbackups/
2023-04-10 13:51:17,555 API202301003.37.exe moved to /web/smartappsbackups/
2023-04-10 13:51:17,626 API202301003.38.exe moved to /web/smartappsbackups/
2023-04-10 13:51:17,704 API202301003.39.exe moved to /web/smartappsbackups/
2023-04-10 13:51:18,650 BUY202102002.2.exe moved to /web/smartappsbackups/
2023-04-10 13:51:18,718 BUY202102002.3.exe moved to /web/smartappsbackups/
2023-04-10 13:51:18,783 BUY202102002.4.exe moved to /web/smartappsbackups/
2023-04-10 13:51:19,614 BUY202202002.1.exe moved to /web/smartappsbackups/
2023-04-10 13:51:19,677 BUY202202002.3.exe moved to /web/smartappsbackups/
2023-04-10 13:51:19,741 BUY202202002.4.exe moved to /web/smartappsbackups/
2023-04-10 13:51:19,806 BUY202202002.5.exe moved to /web/smartappsbackups/
2023-04-10 13:51:20,639 BUY202203001.1.exe moved to /web/smartappsbackups/
2023-04-10 13:51:20,703 BUY202203001.3.exe moved to /web/smartappsbackups/
2023-04-10 13:51:20,768 BUY202203001.4.exe moved to /web/smartappsbackups/
2023-04-10 13:51:20,832 BUY202203001.5.exe moved to /web/smartappsbackups/
2023-04-10 13:51:22,304 BUY202301003.1.exe moved to /web/smartappsbackups/
2023-04-10 13:51:22,370 BUY202301003.3.exe moved to /web/smartappsbackups/
2023-04-10 13:51:22,435 BUY202301003.4.exe moved to /web/smartappsbackups/
2023-04-10 13:51:22,499 BUY202301003.5.exe moved to /web/smartappsbackups/
2023-04-10 13:51:23,493 CASH202102002.18.exe moved to /web/smartappsbackups/
2023-04-10 13:51:23,559 CASH202102002.19.exe moved to /web/smartappsbackups/
2023-04-10 13:51:23,622 CASH202102002.21.exe moved to /web/smartappsbackups/
2023-04-10 13:51:23,687 CASH202102002.25.exe moved to /web/smartappsbackups/
2023-04-10 13:51:24,450 CASH202202002.18.exe moved to /web/smartappsbackups/
2023-04-10 13:51:24,515 CASH202202002.19.exe moved to /web/smartappsbackups/
2023-04-10 13:51:24,580 CASH202202002.25.exe moved to /web/smartappsbackups/
2023-04-10 13:51:25,416 CASH202203001.17.exe moved to /web/smartappsbackups/
2023-04-10 13:51:25,479 CASH202203001.18.exe moved to /web/smartappsbackups/
2023-04-10 13:51:25,543 CASH202203001.19.exe moved to /web/smartappsbackups/
2023-04-10 13:51:25,605 CASH202203001.25.exe moved to /web/smartappsbackups/
2023-04-10 13:51:26,436 CASH202204005.17.exe moved to /web/smartappsbackups/
2023-04-10 13:51:26,499 CASH202204005.18.exe moved to /web/smartappsbackups/
2023-04-10 13:51:26,562 CASH202204005.19.exe moved to /web/smartappsbackups/
2023-04-10 13:51:26,625 CASH202204005.25.exe moved to /web/smartappsbackups/
2023-04-10 13:51:27,462 CASH202301003.17.exe moved to /web/smartappsbackups/
2023-04-10 13:51:27,525 CASH202301003.18.exe moved to /web/smartappsbackups/
2023-04-10 13:51:27,589 CASH202301003.19.exe moved to /web/smartappsbackups/
2023-04-10 13:51:27,652 CASH202301003.25.exe moved to /web/smartappsbackups/
2023-04-10 13:51:28,717 CS202102002.20.exe moved to /web/smartappsbackups/
2023-04-10 13:51:28,780 CS202102002.21.exe moved to /web/smartappsbackups/
2023-04-10 13:51:28,844 CS202102002.22.exe moved to /web/smartappsbackups/
2023-04-10 13:51:28,908 CS202102002.23.exe moved to /web/smartappsbackups/
2023-04-10 13:51:29,800 CS202202002.20.exe moved to /web/smartappsbackups/
2023-04-10 13:51:29,864 CS202202002.21.exe moved to /web/smartappsbackups/
2023-04-10 13:51:29,927 CS202202002.22.exe moved to /web/smartappsbackups/
2023-04-10 13:51:29,991 CS202202002.23.exe moved to /web/smartappsbackups/
2023-04-10 13:51:30,942 CS202203001.18.exe moved to /web/smartappsbackups/
2023-04-10 13:51:31,007 CS202203001.20.exe moved to /web/smartappsbackups/
2023-04-10 13:51:31,070 CS202203001.21.exe moved to /web/smartappsbackups/
2023-04-10 13:51:31,134 CS202203001.22.exe moved to /web/smartappsbackups/
2023-04-10 13:51:31,201 CS202203001.23.exe moved to /web/smartappsbackups/
2023-04-10 13:51:32,191 CS202204005.18.exe moved to /web/smartappsbackups/
2023-04-10 13:51:32,255 CS202204005.20.exe moved to /web/smartappsbackups/
2023-04-10 13:51:32,319 CS202204005.21.exe moved to /web/smartappsbackups/
2023-04-10 13:51:32,382 CS202204005.22.exe moved to /web/smartappsbackups/
2023-04-10 13:51:32,445 CS202204005.23.exe moved to /web/smartappsbackups/
2023-04-10 13:51:33,401 CS202301003.18.exe moved to /web/smartappsbackups/
2023-04-10 13:51:33,465 CS202301003.20.exe moved to /web/smartappsbackups/
2023-04-10 13:51:33,530 CS202301003.21.exe moved to /web/smartappsbackups/
2023-04-10 13:51:33,594 CS202301003.22.exe moved to /web/smartappsbackups/
2023-04-10 13:51:33,657 CS202301003.23.exe moved to /web/smartappsbackups/
2023-04-10 13:51:35,888 SHOP202102002.32.exe moved to /web/smartappsbackups/
2023-04-10 13:51:35,951 SHOP202102002.33.exe moved to /web/smartappsbackups/
2023-04-10 13:51:36,015 SHOP202102002.39.exe moved to /web/smartappsbackups/
2023-04-10 13:51:36,084 SHOP202102002.40.exe moved to /web/smartappsbackups/
2023-04-10 13:51:36,148 SHOP202102002.42.exe moved to /web/smartappsbackups/
2023-04-10 13:51:38,254 SHOP202202002.31.exe moved to /web/smartappsbackups/
2023-04-10 13:51:38,316 SHOP202202002.32.exe moved to /web/smartappsbackups/
2023-04-10 13:51:38,380 SHOP202202002.33.exe moved to /web/smartappsbackups/
2023-04-10 13:51:38,444 SHOP202202002.39.exe moved to /web/smartappsbackups/
2023-04-10 13:51:38,508 SHOP202202002.40.exe moved to /web/smartappsbackups/
2023-04-10 13:51:41,266 SHOP202203001.834.exe moved to /web/smartappsbackups/
2023-04-10 13:51:41,329 SHOP202203001.900.exe moved to /web/smartappsbackups/
2023-04-10 13:51:41,398 SHOP202203001.13.exe moved to /web/smartappsbackups/
2023-04-10 13:51:41,461 SHOP202203001.14.exe moved to /web/smartappsbackups/
2023-04-10 13:51:41,525 SHOP202203001.15.exe moved to /web/smartappsbackups/
2023-04-10 13:51:43,622 SHOP202204005.31.exe moved to /web/smartappsbackups/
2023-04-10 13:51:43,685 SHOP202204005.32.exe moved to /web/smartappsbackups/
2023-04-10 13:51:43,748 SHOP202204005.33.exe moved to /web/smartappsbackups/
2023-04-10 13:51:43,813 SHOP202204005.39.exe moved to /web/smartappsbackups/
2023-04-10 13:51:43,877 SHOP202204005.40.exe moved to /web/smartappsbackups/
2023-04-10 13:51:45,971 SHOP202301003.31.exe moved to /web/smartappsbackups/
2023-04-10 13:51:46,034 SHOP202301003.32.exe moved to /web/smartappsbackups/
2023-04-10 13:51:46,098 SHOP202301003.33.exe moved to /web/smartappsbackups/
2023-04-10 13:51:46,162 SHOP202301003.39.exe moved to /web/smartappsbackups/
2023-04-10 13:51:46,225 SHOP202301003.40.exe moved to /web/smartappsbackups/
2023-04-10 13:51:53,237 TOOLS202102002.5.exe moved to /web/smartappsbackups/
2023-04-10 13:51:53,302 TOOLS202102002.6.exe moved to /web/smartappsbackups/
2023-04-10 13:51:53,365 TOOLS202102002.8.exe moved to /web/smartappsbackups/
2023-04-10 13:51:54,136 TOOLS202202002.5.exe moved to /web/smartappsbackups/
2023-04-10 13:51:54,201 TOOLS202202002.6.exe moved to /web/smartappsbackups/
2023-04-10 13:51:54,265 TOOLS202202002.8.exe moved to /web/smartappsbackups/
2023-04-10 13:51:55,031 TOOLS202203001.5.exe moved to /web/smartappsbackups/
2023-04-10 13:51:55,102 TOOLS202203001.6.exe moved to /web/smartappsbackups/
2023-04-10 13:51:55,168 TOOLS202203001.8.exe moved to /web/smartappsbackups/
2023-04-10 13:51:56,005 TOOLS202204005.4.exe moved to /web/smartappsbackups/
2023-04-10 13:51:56,069 TOOLS202204005.5.exe moved to /web/smartappsbackups/
2023-04-10 13:51:56,133 TOOLS202204005.6.exe moved to /web/smartappsbackups/
2023-04-10 13:51:56,196 TOOLS202204005.8.exe moved to /web/smartappsbackups/
2023-04-10 13:51:57,036 TOOLS202301003.4.exe moved to /web/smartappsbackups/
2023-04-10 13:51:57,100 TOOLS202301003.5.exe moved to /web/smartappsbackups/
2023-04-10 13:51:57,163 TOOLS202301003.6.exe moved to /web/smartappsbackups/
2023-04-10 13:51:57,227 TOOLS202301003.8.exe moved to /web/smartappsbackups/
2023-04-10 14:03:04,931 API202301003.40.exe moved to /web/smartappsbackups/
2023-04-10 14:03:04,932 API202301003.41.exe moved to /web/smartappsbackups/
2023-04-10 14:03:04,932 API202301003.42.exe moved to /web/smartappsbackups/
2023-04-10 14:03:20,433 SHOP202102002.43.exe moved to /web/smartappsbackups/
2023-04-10 14:03:20,433 SHOP202102002.45.exe moved to /web/smartappsbackups/
2023-04-10 14:03:20,433 SHOP202102002.46.exe moved to /web/smartappsbackups/
2023-04-10 14:03:20,433 SHOP202102002.49.exe moved to /web/smartappsbackups/
2023-04-10 14:03:20,434 SHOP202102002.50.exe moved to /web/smartappsbackups/
2023-04-10 14:03:22,376 SHOP202202002.42.exe moved to /web/smartappsbackups/
2023-04-10 14:03:22,376 SHOP202202002.43.exe moved to /web/smartappsbackups/
2023-04-10 14:03:22,377 SHOP202202002.45.exe moved to /web/smartappsbackups/
2023-04-10 14:03:22,377 SHOP202202002.46.exe moved to /web/smartappsbackups/
2023-04-10 14:03:22,377 SHOP202202002.49.exe moved to /web/smartappsbackups/
2023-04-10 14:03:25,025 SHOP202203001.17.exe moved to /web/smartappsbackups/
2023-04-10 14:03:25,025 SHOP202203001.20.exe moved to /web/smartappsbackups/
2023-04-10 14:03:25,025 SHOP202203001.21.exe moved to /web/smartappsbackups/
2023-04-10 14:03:25,026 SHOP202203001.29.exe moved to /web/smartappsbackups/
2023-04-10 14:03:25,026 SHOP202203001.30.exe moved to /web/smartappsbackups/
2023-04-10 14:03:26,934 SHOP202204005.42.exe moved to /web/smartappsbackups/
2023-04-10 14:03:26,934 SHOP202204005.43.exe moved to /web/smartappsbackups/
2023-04-10 14:03:26,934 SHOP202204005.47.exe moved to /web/smartappsbackups/
2023-04-10 14:03:26,935 SHOP202204005.49.exe moved to /web/smartappsbackups/
2023-04-10 14:03:26,935 SHOP202204005.50.exe moved to /web/smartappsbackups/
2023-04-10 14:03:28,850 SHOP202301003.42.exe moved to /web/smartappsbackups/
2023-04-10 14:03:28,851 SHOP202301003.43.exe moved to /web/smartappsbackups/
2023-04-10 14:03:28,851 SHOP202301003.45.exe moved to /web/smartappsbackups/
2023-04-10 14:03:28,851 SHOP202301003.46.exe moved to /web/smartappsbackups/
2023-04-10 14:03:28,851 SHOP202301003.49.exe moved to /web/smartappsbackups/
